<?xml version="1.0" encoding="UTF-8"?>
<!-- Generated by org.testng.reporters.JUnitReportReporter -->
<testsuite hostname="vishanths-MacBook-Pro.local" failures="0" tests="9" name="testRunner.TestRunner" time="0.178" errors="5" timestamp="10 Aug 2023 17:42:58 GMT" skipped="0">
  <testcase classname="testRunner.TestRunner" name="runScenario" time="0.003"/>
  <testcase classname="testRunner.TestRunner" name="runScenario" time="0.004">
    <error message="Speak in Mars language, please!" type="java.lang.IllegalArgumentException">
      <![CDATA[java.lang.IllegalArgumentException: Speak in Mars language, please!
at marsrover.Rover.process(Rover.java:61)
at marsrover.Rover.process(Rover.java:49)
at stepDefinitions.RoverPositioningSteps.theRoverMovesWithThe(RoverPositioningSteps.java:41)
at ✽.the rover receive with the "<command>"(src/test/java/features/roverPositioning.feature:44)
]]>
    </error>
  </testcase> <!-- runScenario -->
  <testcase classname="testRunner.TestRunner" name="runScenario" time="0.012">
    <error message="Speak in Mars language, please!" type="java.lang.IllegalArgumentException">
      <![CDATA[java.lang.IllegalArgumentException: Speak in Mars language, please!
at marsrover.Rover.process(Rover.java:61)
at marsrover.Rover.process(Rover.java:49)
at stepDefinitions.RoverPositioningSteps.theRoverMovesWithThe(RoverPositioningSteps.java:41)
at ✽.the rover receive with the "<command>"(src/test/java/features/roverPositioning.feature:33)
]]>
    </error>
  </testcase> <!-- runScenario -->
  <testcase classname="testRunner.TestRunner" name="runScenario" time="0.004"/>
  <testcase classname="testRunner.TestRunner" name="runScenario" time="0.007">
    <error message="Speak in Mars language, please!" type="java.lang.IllegalArgumentException">
      <![CDATA[java.lang.IllegalArgumentException: Speak in Mars language, please!
at marsrover.Rover.process(Rover.java:61)
at marsrover.Rover.process(Rover.java:49)
at stepDefinitions.RoverPositioningSteps.theRoverMovesWithThe(RoverPositioningSteps.java:41)
at ✽.the rover receive with the "<command>"(src/test/java/features/roverPositioning.feature:33)
]]>
    </error>
  </testcase> <!-- runScenario -->
  <testcase classname="testRunner.TestRunner" name="runScenario" time="0.130"/>
  <testcase classname="testRunner.TestRunner" name="runScenario" time="0.004"/>
  <testcase classname="testRunner.TestRunner" name="runScenario" time="0.005">
    <error message="Speak in Mars language, please!" type="java.lang.IllegalArgumentException">
      <![CDATA[java.lang.IllegalArgumentException: Speak in Mars language, please!
at marsrover.Rover.process(Rover.java:61)
at marsrover.Rover.process(Rover.java:49)
at stepDefinitions.RoverPositioningSteps.theRoverMovesWithThe(RoverPositioningSteps.java:41)
at ✽.the rover receive with the "<command>"(src/test/java/features/roverPositioning.feature:44)
]]>
    </error>
  </testcase> <!-- runScenario -->
  <testcase classname="testRunner.TestRunner" name="runScenario" time="0.009">
    <error message="Speak in Mars language, please!" type="java.lang.IllegalArgumentException">
      <![CDATA[java.lang.IllegalArgumentException: Speak in Mars language, please!
at marsrover.Rover.process(Rover.java:61)
at marsrover.Rover.process(Rover.java:49)
at stepDefinitions.RoverPositioningSteps.theRoverMovesWithThe(RoverPositioningSteps.java:41)
at ✽.the rover receive with the "<command>"(src/test/java/features/roverPositioning.feature:44)
]]>
    </error>
  </testcase> <!-- runScenario -->
</testsuite> <!-- testRunner.TestRunner -->
