<?xml version="1.0" encoding="UTF-8"?>
<!-- Generated by org.testng.reporters.JUnitReportReporter -->
<testsuite hostname="vishanths-MacBook-Pro.local" failures="0" tests="2" name="testRunner.testRunnner" time="0.135" errors="0" timestamp="09 Aug 2023 00:40:17 GMT" skipped="2">
  <testcase classname="testRunner.testRunnner" name="runScenario" time="0.014">
    <skipped/>
  </testcase> <!-- runScenario -->
  <testcase classname="testRunner.testRunnner" name="runScenario" time="0.121">
    <skipped/>
  </testcase> <!-- runScenario -->
</testsuite> <!-- testRunner.testRunnner -->
